<?xml version="1.0" encoding="UTF-8"?>
<!-- Generated by org.testng.reporters.JUnitReportReporter -->
<testsuite skipped="0" hostname="Admin-PC" name="com.mvn.switchToWindow.SwitchToWindow" tests="1" failures="0" timestamp="24 Aug 2019 20:01:38 GMT" time="13.185" errors="0">
  <testcase name="testSwitchToWindow" time="13.185" classname="com.mvn.switchToWindow.SwitchToWindow"/>
</testsuite> <!-- com.mvn.switchToWindow.SwitchToWindow -->
